2023-04-02 19:48:27 [restartedMain] INFO  c.c.CustomerAccountRestApiApplication - Starting CustomerAccountRestApiApplication using Java 1.8.0_261 on Swaraj-PC with PID 14204 (D:\JBK Project_Pract Work\OJT Batch Projects\SpringBoot Projects Revise\Customer-Account-RestAPI\target\classes started by gajan in D:\JBK Project_Pract Work\OJT Batch Projects\SpringBoot Projects Revise\Customer-Account-RestAPI)
2023-04-02 19:48:28 [restartedMain] INFO  c.c.CustomerAccountRestApiApplication - No active profile set, falling back to 1 default profile: "default"
2023-04-02 19:48:28 [restartedMain] INFO  o.s.b.d.e.DevToolsPropertyDefaultsPostProcessor - Devtools property defaults active! Set 'spring.devtools.add-properties' to 'false' to disable
2023-04-02 19:48:28 [restartedMain] INFO  o.s.b.d.e.DevToolsPropertyDefaultsPostProcessor - For additional web related logging consider setting the 'logging.level.web' property to 'DEBUG'
2023-04-02 19:48:29 [restartedMain] INFO  o.s.d.r.c.RepositoryConfigurationDelegate - Bootstrapping Spring Data JPA repositories in DEFAULT mode.
2023-04-02 19:48:29 [restartedMain] INFO  o.s.d.r.c.RepositoryConfigurationDelegate - Finished Spring Data repository scanning in 7 ms. Found 0 JPA repository interfaces.
2023-04-02 19:48:29 [restartedMain] INFO  o.s.cloud.context.scope.GenericScope - BeanFactory id=a8e79d13-bdf4-3e31-9715-210842b689a5
2023-04-02 19:48:30 [restartedMain] INFO  o.s.b.w.e.tomcat.TomcatWebServer - Tomcat initialized with port(s): 8080 (http)
2023-04-02 19:48:30 [restartedMain] INFO  o.a.catalina.core.StandardService - Starting service [Tomcat]
2023-04-02 19:48:30 [restartedMain] INFO  o.a.catalina.core.StandardEngine - Starting Servlet engine: [Apache Tomcat/9.0.71]
2023-04-02 19:48:30 [restartedMain] INFO  o.a.c.c.C.[Tomcat].[localhost].[/] - Initializing Spring embedded WebApplicationContext
2023-04-02 19:48:30 [restartedMain] INFO  o.s.b.w.s.c.ServletWebServerApplicationContext - Root WebApplicationContext: initialization completed in 2732 ms
2023-04-02 19:48:31 [restartedMain] INFO  o.h.jpa.internal.util.LogHelper - HHH000204: Processing PersistenceUnitInfo [name: default]
2023-04-02 19:48:31 [restartedMain] INFO  org.hibernate.Version - HHH000412: Hibernate ORM core version 5.6.15.Final
2023-04-02 19:48:31 [restartedMain] INFO  o.h.annotations.common.Version - HCANN000001: Hibernate Commons Annotations {5.1.2.Final}
2023-04-02 19:48:31 [restartedMain] INFO  com.zaxxer.hikari.HikariDataSource - HikariPool-1 - Starting...
2023-04-02 19:48:31 [restartedMain] INFO  com.zaxxer.hikari.HikariDataSource - HikariPool-1 - Start completed.
2023-04-02 19:48:31 [restartedMain] INFO  org.hibernate.dialect.Dialect - HHH000400: Using dialect: org.hibernate.dialect.MySQL8Dialect
2023-04-02 19:48:32 [restartedMain] INFO  o.h.e.t.j.p.i.JtaPlatformInitiator - HHH000490: Using JtaPlatform implementation: [org.hibernate.engine.transaction.jta.platform.internal.NoJtaPlatform]
2023-04-02 19:48:32 [restartedMain] INFO  o.s.o.j.LocalContainerEntityManagerFactoryBean - Initialized JPA EntityManagerFactory for persistence unit 'default'
2023-04-02 19:48:32 [restartedMain] WARN  o.s.b.a.o.j.JpaBaseConfiguration$JpaWebConfiguration - spring.jpa.open-in-view is enabled by default. Therefore, database queries may be performed during view rendering. Explicitly configure spring.jpa.open-in-view to disable this warning
2023-04-02 19:48:33 [restartedMain] WARN  o.s.b.d.a.OptionalLiveReloadServer - Unable to start LiveReload server
2023-04-02 19:48:33 [restartedMain] INFO  o.s.c.n.e.c.DiscoveryClientOptionalArgsConfiguration - Eureka HTTP Client uses RestTemplate.
2023-04-02 19:48:33 [restartedMain] WARN  o.s.c.l.c.LoadBalancerCacheAutoConfiguration$LoadBalancerCaffeineWarnLogger - Spring Cloud LoadBalancer is currently working with the default cache. While this cache implementation is useful for development and tests, it's recommended to use Caffeine cache in production.You can switch to using Caffeine cache, by adding it and org.springframework.cache.caffeine.CaffeineCacheManager to the classpath.
2023-04-02 19:48:33 [restartedMain] INFO  o.s.c.n.eureka.InstanceInfoFactory - Setting initial instance status as: STARTING
2023-04-02 19:48:33 [restartedMain] INFO  c.netflix.discovery.DiscoveryClient - Initializing Eureka in region us-east-1
2023-04-02 19:48:33 [restartedMain] INFO  c.n.d.s.r.aws.ConfigClusterResolver - Resolving eureka endpoints via configuration
2023-04-02 19:48:34 [restartedMain] INFO  c.netflix.discovery.DiscoveryClient - Disable delta property : false
2023-04-02 19:48:34 [restartedMain] INFO  c.netflix.discovery.DiscoveryClient - Single vip registry refresh property : null
2023-04-02 19:48:34 [restartedMain] INFO  c.netflix.discovery.DiscoveryClient - Force full registry fetch : false
2023-04-02 19:48:34 [restartedMain] INFO  c.netflix.discovery.DiscoveryClient - Application is null : false
2023-04-02 19:48:34 [restartedMain] INFO  c.netflix.discovery.DiscoveryClient - Registered Applications size is zero : true
2023-04-02 19:48:34 [restartedMain] INFO  c.netflix.discovery.DiscoveryClient - Application version is -1: true
2023-04-02 19:48:34 [restartedMain] INFO  c.netflix.discovery.DiscoveryClient - Getting all instance registry info from the eureka server
2023-04-02 19:48:34 [restartedMain] INFO  c.netflix.discovery.DiscoveryClient - The response status is 200
2023-04-02 19:48:34 [restartedMain] INFO  c.netflix.discovery.DiscoveryClient - Starting heartbeat executor: renew interval is: 30
2023-04-02 19:48:34 [restartedMain] INFO  c.n.discovery.InstanceInfoReplicator - InstanceInfoReplicator onDemand update allowed rate per min is 4
2023-04-02 19:48:34 [restartedMain] INFO  c.netflix.discovery.DiscoveryClient - Discovery Client initialized at timestamp 1680445114680 with initial instances count: 2
2023-04-02 19:48:34 [restartedMain] INFO  o.s.c.n.e.s.EurekaServiceRegistry - Registering application ACCOUNT-SERVICE with eureka with status UP
2023-04-02 19:48:34 [restartedMain] INFO  c.netflix.discovery.DiscoveryClient - Saw local status change event StatusChangeEvent [timestamp=1680445114686, current=UP, previous=STARTING]
2023-04-02 19:48:34 [DiscoveryClient-InstanceInfoReplicator-0] INFO  c.netflix.discovery.DiscoveryClient - DiscoveryClient_ACCOUNT-SERVICE/Swaraj-PC:Account-Service:8080: registering service...
2023-04-02 19:48:34 [restartedMain] INFO  o.s.b.w.e.tomcat.TomcatWebServer - Tomcat started on port(s): 8080 (http) with context path ''
2023-04-02 19:48:34 [restartedMain] INFO  o.s.c.n.e.s.EurekaAutoServiceRegistration - Updating port to 8080
2023-04-02 19:48:34 [DiscoveryClient-InstanceInfoReplicator-0] INFO  c.netflix.discovery.DiscoveryClient - DiscoveryClient_ACCOUNT-SERVICE/Swaraj-PC:Account-Service:8080 - registration status: 204
2023-04-02 19:48:35 [restartedMain] INFO  c.c.CustomerAccountRestApiApplication - Started CustomerAccountRestApiApplication in 8.029 seconds (JVM running for 8.89)
